Build started 2012-04-29 01:04:05.
Project "C:\Documents and Settings\martin\My Documents\Visual Studio 2010\Projects\lierolibre\lib\libconfig-1.4.8\lib\libconfig++.vcxproj" on node 2 (build target(s)).
InitializeBuildStatus:
  Creating "libconfig++.Debug\libconfig++.unsuccessfulbuild" because "AlwaysCreate" was specified.
ClCompile:
  All outputs are up-to-date.
  All outputs are up-to-date.
ManifestResourceCompile:
  All outputs are up-to-date.
C:\Program Files\MSBuild\Microsoft.Cpp\v4.0\Microsoft.CppBuild.targets(990,5): warning MSB8012: TargetPath(C:\Documents and Settings\martin\My Documents\Visual Studio 2010\Projects\lierolibre\src\_build\Debug\libconfig++.dll) does not match the Linker's OutputFile property value (C:\Documents and Settings\martin\My Documents\Visual Studio 2010\Projects\lierolibre\src\_build\Debug\libconfig++_d.dll). This may cause your project to build incorrectly. To correct this, please make sure that $(OutDir), $(TargetName) and $(TargetExt) property values match the value specified in %(Link.OutputFile).
C:\Program Files\MSBuild\Microsoft.Cpp\v4.0\Microsoft.CppBuild.targets(992,5): warning MSB8012: TargetName(libconfig++) does not match the Linker's OutputFile property value (libconfig++_d). This may cause your project to build incorrectly. To correct this, please make sure that $(OutDir), $(TargetName) and $(TargetExt) property values match the value specified in %(Link.OutputFile).
Link:
  All outputs are up-to-date.
Manifest:
  All outputs are up-to-date.
FinalizeBuildStatus:
  Deleting file "libconfig++.Debug\libconfig++.unsuccessfulbuild".
  Touching "libconfig++.Debug\libconfig++.lastbuildstate".
Done Building Project "C:\Documents and Settings\martin\My Documents\Visual Studio 2010\Projects\lierolibre\lib\libconfig-1.4.8\lib\libconfig++.vcxproj" (build target(s)).

Build succeeded.

Time Elapsed 00:00:00.89
